<?xml version="1.0" encoding="UTF-8"?>
<!-- Generated by org.testng.reporters.JUnitXMLReporter -->
<testsuite ignored="0" hostname="INRONNDURTHU01" failures="1" tests="2" name="ErrorValidation" time="7.684" errors="0" timestamp="2025-05-26T16:05:12 IST">
  <testcase classname="DnssSelenium.tests.ErrorValidationsTest" name="ErrorValidation" time="0.461">
    <skipped/>
  </testcase> <!-- ErrorValidation -->
  <testcase classname="DnssSelenium.tests.ErrorValidationsTest" name="ErrorValidation" time="1.085">
    <failure type="java.lang.AssertionError" message="expected [Incorrect email or password.] but found [Incorrect emffail or password.]">
      <![CDATA[java.lang.AssertionError: expected [Incorrect email or password.] but found [Incorrect emffail or password.]
at DnssSelenium.tests.ErrorValidationsTest.ErrorValidation(ErrorValidationsTest.java:16)
at java.base/java.util.ArrayList.forEach(ArrayList.java:1596)
at java.base/java.util.concurrent.FutureTask.run(FutureTask.java:317)
at java.base/java.util.concurrent.ThreadPoolExecutor.runWorker(ThreadPoolExecutor.java:1144)
at java.base/java.util.concurrent.ThreadPoolExecutor$Worker.run(ThreadPoolExecutor.java:642)
at java.base/java.lang.Thread.run(Thread.java:1583)
... Removed 21 stack frames]]>
    </failure>
  </testcase> <!-- ErrorValidation -->
</testsuite> <!-- ErrorValidation -->
